2009-03-24 11:26:19,043 /rmt/csnewton/pgrads/piotr/Spring/MotifKernel-identity/preparedata.py(78)[motifkernel.loadData]: INFO Dividing data/most_interacting_domain_pairs_interfaces.fa into TEST +: 939, TRAINING +: 940

1fc1B - 1fc1B 89.2307692308
1gzqA - 1gzqB 83.8709677419
1cd1C - 1cd1D 96.7741935484
1mcfA - 1mcfB 83.606557377
1frtC - 1frtC 97.7777777778
1bd2A - 1bd2B 76.2711864407
1qvoA - 1qvoB 86.4864864865
1faiH - 1faiL 86.1538461538
1n59A - 1n59B 83.8709677419
1lo2H - 1lo2L 88.6075949367
1h3uA - 1h3uB 76.0
1h3uA - 1h3uA 84.2105263158
1h3tA - 1h3tB 73.6842105263
1k4dA - 1k4dB 95.0819672131
1h3tA - 1h3tA 86.9565217391
1u8oA - 1u8oB 98.5507246377
1bx2A - 1bx2B 87.3015873016
1a6zC - 1a6zD 58.0
1g6rH - 1g6rL 97.6744186047
1lo5A - 1lo5B 84.2857142857
1rziA - 1rziM 83.3333333333
1bx2A - 1bx2E 82.9268292683
1jpfA - 1jpfB 78.125
1i7tD - 1i7tE 97.1428571429
1f6aB - 1f6aB 86.9565217391
1f6aB - 1f6aD 34.4827586207
1ktlA - 1ktlB 83.7837837838
1jwuA - 1jwuB 92.6829268293
1oakH - 1oakL 33.3333333333
1g6rI - 1g6rM 90.9090909091
1lgvA - 1lgvB 97.6744186047
1i7uD - 1i7uE 96.5517241379
1dn2A - 1dn2B 94.7368421053
1kb5H - 1kb5L 78.5714285714
1a3lH - 1a3lL 90.3225806452
1d6eA - 1d6eB 79.0697674419
1knoA - 1knoB 95.8904109589
1mpaH - 1mpaL 82.3529411765
1t5xA - 1t5xB 91.8918918919
1qr1A - 1qr1B 91.4285714286
1j5oH - 1j5oL 83.606557377
1dqqC - 1dqqD 70.5882352941
1a6zA - 1a6zB 89.3333333333
1i9rX - 1i9rY 91.8032786885
1h3xA - 1h3xA 73.6842105263
1lhzA - 1lhzB 71.7948717949
1r5iE - 1r5iF 92.6829268293
1jnnH - 1jnnL 79.3103448276
1deeE - 1deeF 49.2753623188
1ottC - 1ottD 98.4615384615
1igtA - 1igtB 79.746835443
1p2cD - 1p2cE 93.6708860759
1ce6A - 1ce6B 85.7142857143
1igyC - 1igyD 55.0
1s7xD - 1s7xE 96.7741935484
1nccH - 1nccL 81.5384615385
1ffnA - 1ffnB 84.2105263158
1lnuA - 1lnuB 77.027027027
1a4kA - 1a4kB 85.7142857143
1rjyD - 1rjyE 96.9696969697
1h15D - 1h15E 64.5161290323
1deeC - 1deeD 52.2388059701
1it9H - 1it9L 87.0967741935
1bx2B - 1bx2D 67.8571428571
1r5wA - 1r5wB 81.0810810811
1qblH - 1qblL 88.5245901639
1ad0C - 1ad0D 87.0967741935
1nsnH - 1nsnL 83.0985915493
1akjA - 1akjB 89.3939393939
1k8iA - 1k8iB 94.2857142857
1dbmH - 1dbmL 81.0810810811
1nd0C - 1nd0D 84.4155844156
1cicA - 1cicB 81.9444444444
1figH - 1figL 83.950617284
1hezC - 1hezD 58.75
1f3dJ - 1f3dK 95.5223880597
1jnhG - 1jnhH 62.5
1ngyA - 1ngyB 88.3333333333
1ngwH - 1ngwL 88.3333333333
1sm3H - 1sm3L 86.4864864865
1im9A - 1im9B 96.7741935484
1plgH - 1plgL 82.2580645161
1ob1A - 1ob1B 91.4634146341
1t89A - 1t89B 82.3529411765
1ruaH - 1ruaL 85.9154929577
1m05A - 1m05B 94.2857142857
1kprC - 1kprD 88.8888888889
1e4kB - 1e4kB 77.027027027
1iakA - 1iakB 83.0508474576
1igfJ - 1igfL 83.606557377
1oqxA - 1oqxA 72.0
1qqdA - 1qqdB 65.8536585366
1tjiH - 1tjiL 95.0
1frtA - 1frtB 84.0
1q9tA - 1q9tB 95.3846153846
1a1nA - 1a1nB 90.3225806452
1s7rD - 1s7rE 84.4444444444
1lo2X - 1lo2Y 88.0
1gafH - 1gafL 88.7096774194
1legA - 1legB 78.5714285714
1ub5A - 1ub5B 95.7746478873
1t0mD - 1t0mE 96.7741935484
1blnA - 1blnB 67.0886075949
1bqhA - 1bqhB 79.3103448276
1dbaH - 1dbaL 74.2857142857
1fl5H - 1fl5L 87.7192982456
1efxA - 1efxB 83.8709677419
1bogA - 1bogB 95.2380952381
1aqdG - 1aqdH 91.8918918919
1aqdG - 1aqdK 91.4285714286
1kenT - 1kenU 89.0625
1cgsH - 1cgsL 90.3225806452
1c16G - 1c16H 93.1034482759
1s7wG - 1s7wH 96.5517241379
1n8zA - 1n8zB 88.5245901639
1i3rA - 1i3rB 96.9696969697
1a5fH - 1a5fL 85.4838709677
1ct8C - 1ct8D 95.5882352941
1iebC - 1iebD 81.0810810811
1kemH - 1kemL 89.552238806
1rhhA - 1rhhB 88.3116883117
1i8mA - 1i8mB 91.5254237288
1bafH - 1bafL 40.7407407407
1r3hE - 1r3hF 90.3225806452
1q9qA - 1q9qB 83.8709677419
1duzA - 1duzB 96.5517241379
1ktdC - 1ktdD 75.6097560976
1r5vB - 1r5vC 29.4117647059
1kj2H - 1kj2L 91.4285714286
1igjA - 1igjB 88.8888888889
1r3kA - 1r3kB 84.7457627119
1s9yA - 1s9yB 96.9696969697
1t2qH - 1t2qL 96.7741935484
1pg7Y - 1pg7Z 71.0144927536
1u8mA - 1u8mB 95.8904109589
1igiH - 1igiL 33.3333333333
1m7dA - 1m7dB 65.1515151515
1g7pA - 1g7pB 96.9696969697
1s9xA - 1s9xB 96.9696969697
1kjmA - 1kjmB 96.9696969697
1s7xJ - 1s7xK 89.6551724138
1fc2D - 1fc2D 76.0
1igtC - 1igtD 60.5263157895
1oqxB - 1oqxB 82.6666666667
1dclA - 1dclB 91.0447761194
1im9E - 1im9F 96.7741935484
1eezD - 1eezE 96.9696969697
1f3jA - 1f3jB 93.9393939394
1fccA - 1fccB 72.0
1fccA - 1fccA 84.0
1mccA - 1mccB 82.5396825397
1h3vA - 1h3vB 78.2608695652
1ncdH - 1ncdL 82.1917808219
1mhhC - 1mhhD 85.7142857143
1ncbH - 1ncbL 78.0821917808
1i1fD - 1i1fE 97.1428571429
1kj3I - 1kj3M 90.9090909091
1t1xA - 1t1xB 96.2962962963
1cz8X - 1cz8Y 89.8550724638
1kn4H - 1kn4L 95.8904109589
1ed3A - 1ed3B 76.404494382
1fh5H - 1fh5L 86.301369863
1kjvA - 1kjvB 94.2857142857
1ngzA - 1ngzB 82.0895522388
1mjjH - 1mjjL 89.4117647059
1hhiA - 1hhiB 96.7741935484
1cfnA - 1cfnB 83.5443037975
1jnhA - 1jnhB 69.014084507
1ospH - 1ospL 84.126984127
1himJ - 1himM 87.5
1knoB - 1knoF 86.4864864865
1jgvH - 1jgvL 92.2077922078
1fzjA - 1fzjB 87.1794871795
1fzoA - 1fzoB 97.6744186047
1fj1C - 1fj1D 87.5
1hsaA - 1hsaD 93.9393939394
1l7iH - 1l7iL 82.6086956522
1hsaA - 1hsaB 82.0512820513
1dqdH - 1dqdL 82.3529411765
1d5zA - 1d5zB 88.8888888889
1n6qH - 1n6qL 91.4285714286
1nakI - 1nakM 92.3076923077
1c16C - 1c16D 93.1034482759
1rziC - 1rziD 60.8695652174
1e4xI - 1e4xM 87.8378378378
1mhhA - 1mhhB 88.0
1ce1H - 1ce1L 96.7741935484
1i1cB - 1i1cB 61.1764705882
1py4A - 1py4B 81.6901408451
1tzhH - 1tzhL 82.0895522388
1j8hA - 1j8hB 71.186440678
1qlrA - 1qlrB 97.1428571429
1q1jH - 1q1jL 95.652173913
1q9vA - 1q9vB 84.2857142857
1kt2A - 1kt2B 97.7777777778
1ffnD - 1ffnE 93.5483870968
1fl6H - 1fl6L 86.8852459016
1fg2G - 1fg2H 96.5517241379
1duyD - 1duyE 96.7741935484
1f8tH - 1f8tL 35.8974358974
1bfoA - 1bfoH 62.3376623377
1tzgI - 1tzgM 92.6470588235
1hilC - 1hilD 89.1891891892
1mrcH - 1mrcL 85.0746268657
1aqdA - 1aqdB 84.8484848485
1mhcA - 1mhcB 91.3580246914
1dn2A - 1dn2A 51.0869565217
1kpuA - 1kpuB 96.5517241379
1aqdA - 1aqdE 91.8918918919
1n5aG - 1n5aH 93.5483870968
1igtB - 1igtD 48.1481481481
1fo0H - 1fo0L 91.6666666667
1fneC - 1fneD 74.358974359
1ai1H - 1ai1L 84.8484848485
1um4H - 1um4L 92.0634920635
1gpoI - 1gpoM 89.3939393939
1dn0A - 1dn0B 97.1428571429
1agcA - 1agcB 96.9696969697
1u3hC - 1u3hD 88.8888888889
1u3hC - 1u3hG 87.8787878788
1ao7A - 1ao7B 85.7142857143
1hzhK - 1hzhM 81.6901408451
1t0nD - 1t0nE 96.9696969697
1s78C - 1s78D 88.1578947368
1cu4H - 1cu4L 92.6470588235
1a9eA - 1a9eB 96.7741935484
1nbzA - 1nbzB 93.3333333333
1h15B - 1h15D 66.6666666667
1f6aD - 1f6aD 28.4210526316
1t20A - 1t20B 96.7741935484
1opgH - 1opgL 85.0
1bqlH - 1bqlL 96.7741935484
1kprA - 1kprB 83.7837837838
1h0dA - 1h0dB 82.7586206897
1pg7W - 1pg7X 88.3333333333
1q1jH - 1q1jI 79.4520547945
1iaiI - 1iaiM 92.9577464789
1i7uA - 1i7uB 96.2962962963
1f11A - 1f11B 73.3333333333
1c5bH - 1c5bL 86.301369863
1ddhA - 1ddhB 86.2068965517
1qsfA - 1qsfB 90.3225806452
1t4kA - 1t4kD 85.2459016393
1lo3H - 1lo3L 88.6075949367
1orqA - 1orqB 69.2307692308
1s7uD - 1s7uE 96.7741935484
1im3A - 1im3B 93.6507936508
1nbyA - 1nbyB 85.8823529412
1mrdH - 1mrdL 84.6153846154
1h3xA - 1h3xB 84.2105263158
1ow0A - 1ow0B 95.2380952381
1aqdB - 1aqdD 88.8888888889
1u58A - 1u58B 92.6829268293
1hilA - 1hilB 75.0
1jwmA - 1jwmB 78.6666666667
1dbjH - 1dbjL 76.1194029851
1s7xA - 1s7xB 90.3225806452
1tetH - 1tetL 71.4285714286
1eeyD - 1eeyE 96.9696969697
1i7rA - 1i7rB 96.7741935484
1t04C - 1t04D 33.3333333333
1fveA - 1fveB 87.7192982456
1onqA - 1onqB 73.6842105263
1i1aD - 1i1aD 62.0689655172
1afvK - 1afvM 85.7142857143
1t3fA - 1t3fB 88.7323943662
1lo0X - 1lo0Y 91.1392405063
1fnsH - 1fnsL 81.0810810811
1axsA - 1axsB 88.4615384615
1i9iH - 1i9iL 93.6708860759
1u8lA - 1u8lB 89.3333333333
1nl0H - 1nl0L 67.6470588235
1r3hB - 1r3hH 90.3225806452
1kcrH - 1kcrL 85.4838709677
1mcsA - 1mcsB 79.7297297297
1kj2I - 1kj2M 90.9090909091
1i1yA - 1i1yB 91.4285714286
1igtB - 1igtB 78.6666666667
1pkqF - 1pkqG 88.8888888889
1e4xH - 1e4xL 94.8051948052
1qewA - 1qewB 86.0759493671
1lk3H - 1lk3L 97.7777777778
1rukH - 1rukL 88.8888888889
1fl3H - 1fl3L 73.9130434783
1cfsA - 1cfsB 76.1194029851
1p7qA - 1p7qB 91.3043478261
1s9vA - 1s9vB 96.2962962963
1jgdA - 1jgdB 95.3846153846
1f4wH - 1f4wL 79.4117647059
1bz7A - 1bz7B 86.4864864865
1mcrA - 1mcrB 88.1355932203
1axsH - 1axsL 87.7192982456
1ngwA - 1ngwB 76.8115942029
1jhkH - 1jhkL 96.0526315789
1u95A - 1u95B 98.5507246377
1ahwD - 1ahwE 80.0
1i1aC - 1i1aC 89.7959183673
1i1aC - 1i1aD 56.6666666667
1adqH - 1adqL 80.0
1q9rA - 1q9rB 89.552238806
1r5iA - 1r5iB 94.7368421053
1mcdA - 1mcdB 81.25
1i7zA - 1i7zB 96.7741935484
1nbvH - 1nbvL 91.8918918919
1nd0E - 1nd0F 86.301369863
1n3nC - 1n3nD 90.3225806452
1t5wD - 1t5wE 80.7692307692
1fgnH - 1fgnL 89.6551724138
1i7zC - 1i7zD 91.8032786885
1ggiH - 1ggiL 88.6075949367
1kelH - 1kelL 94.9367088608
1q0xH - 1q0xL 76.7123287671
1b6dA - 1b6dB 80.3278688525
1n2rA - 1n2rB 89.552238806
1fzmA - 1fzmB 97.6744186047
1blnC - 1blnD 85.9154929577
1bfoF - 1bfoG 60.7594936709
1afvH - 1afvL 80.0
1i3rE - 1i3rF 83.7837837838
1qbmH - 1qbmL 90.9090909091
1pqzA - 1pqzB 92.0
1n5aA - 1n5aB 93.3333333333
1g9nH - 1g9nL 88.3333333333
1q9oA - 1q9oB 92.3076923077
1rzkH - 1rzkL 85.7142857143
1es0A - 1es0B 92.3076923077
1fe8I - 1fe8M 84.9315068493
1qo3A - 1qo3B 58.1081081081
1i1fA - 1i1fB 42.8571428571
1bz9A - 1bz9B 77.1929824561
1rurH - 1rurL 94.0298507463
1rhhC - 1rhhD 86.8852459016
1dqmH - 1dqmL 98.7012987013
1lnuE - 1lnuF 78.6516853933
1ehlH - 1ehlL 87.1428571429
1s7wA - 1s7wB 86.4864864865
1fn4A - 1fn4B 85.5421686747
1ggbH - 1ggbL 91.6666666667
1c12A - 1c12B 89.6551724138
1h3vA - 1h3vA 80.9523809524
1aqdH - 1aqdJ 74.0740740741
1q1jI - 1q1jM 91.2280701754
1eeyA - 1eeyB 87.8787878788
1s7vD - 1s7vE 86.4864864865
1kpvA - 1kpvB 97.6744186047
1ae6H - 1ae6L 55.223880597
1qkzH - 1qkzL 83.8235294118
1s78E - 1s78F 89.0909090909
1ob1D - 1ob1E 80.0
1ncwH - 1ncwL 78.8235294118
1dlhB - 1dlhD 74.0740740741
1r0aH - 1r0aL 90.4109589041
1mlcC - 1mlcD 92.7536231884
1kn2H - 1kn2L 92.6829268293
1s7tA - 1s7tB 97.7777777778
1c5dA - 1c5dB 90.9090909091
1q9oC - 1q9oD 76.1904761905
1hzhK - 1hzhK 84.0579710145
1a6aA - 1a6aB 84.126984127
1deeA - 1deeB 62.7450980392
1fngC - 1fngD 78.9473684211
1e4wH - 1e4wL 70.5882352941
1sy6H - 1sy6L 74.3243243243
1k4cA - 1k4cB 97.4358974359
1tvhD - 1tvhE 96.5517241379
1t89A - 1t89A 77.7777777778
1jfqH - 1jfqL 97.1428571429
1hh9A - 1hh9B 74.3243243243
1im3I - 1im3J 96.7741935484
1bjmA - 1bjmB 87.3015873016
1p7kA - 1p7kB 90.3225806452
1ay1H - 1ay1L 87.323943662
1hsbA - 1hsbB 96.9696969697
1h3pH - 1h3pL 97.2972972973
1ineH - 1ineL 68.253968254
1duyA - 1duyB 88.8888888889
1n5aD - 1n5aE 89.6551724138
1ifhH - 1ifhL 78.9473684211
1rjyA - 1rjyB 89.0410958904
1mimH - 1mimL 86.7469879518
1h15A - 1h15B 94.3661971831
1u3hG - 1u3hH 33.3333333333
1f3jD - 1f3jE 42.0289855072
1hklH - 1hklL 76.25
1dn0C - 1dn0D 57.8947368421
1h15A - 1h15E 86.4864864865
1fytA - 1fytB 81.3559322034
1igyA - 1igyB 50.0
1kluA - 1kluB 92.6829268293
1ghfH - 1ghfL 83.950617284
1im3M - 1im3N 96.7741935484
1s7uA - 1s7uB 82.6086956522
1m05C - 1m05D 96.9696969697
1syvA - 1syvB 91.4285714286
1p7kH - 1p7kL 93.1506849315
1kj3H - 1kj3L 90.9090909091
1fzkA - 1fzkB 97.7777777778
1tvbD - 1tvbE 96.5517241379
1ieaC - 1ieaD 81.0810810811
1t03H - 1t03L 96.9696969697
1nezA - 1nezB 84.9315068493
1cz8H - 1cz8L 86.25
1qr1D - 1qr1E 96.9696969697
1ck0H - 1ck0L 89.7058823529
1jpgA - 1jpgB 96.9696969697
1fbiP - 1fbiQ 84.375
1fl6A - 1fl6B 94.3396226415
1lp9H - 1lp9I 96.7741935484
1fskE - 1fskF 80.701754386
1f3jB - 1f3jD 87.8787878788
1hysC - 1hysD 85.7142857143
1cf8H - 1cf8L 94.2857142857
1bbjH - 1bbjL 75.3846153846
1hi6A - 1hi6B 92.5925925926
1k5nA - 1k5nB 89.0625
1bgxH - 1bgxL 63.4146341463
1fv1A - 1fv1B 81.9672131148
1k6qH - 1k6qL 96.5517241379
1namH - 1namL 93.5483870968
1cd1A - 1cd1B 81.0126582278
1nd0G - 1nd0H 86.301369863
1iebA - 1iebB 78.9473684211
1a9bD - 1a9bE 96.7741935484
1rziA - 1rziB 90.2777777778
1qseA - 1qseB 78.7878787879
1lk3I - 1lk3M 74.358974359
1jhtA - 1jhtB 87.5
1bqhD - 1bqhE 90.9090909091
1cr9H - 1cr9L 52.380952381
1r3jA - 1r3jB 95.0819672131
1q9lC - 1q9lD 89.8550724638
1mujA - 1mujB 85.3333333333
1ikfH - 1ikfL 64.0
1fveC - 1fveD 82.2580645161
1qgc4 - 1qgc4 77.9661016949
1u8iA - 1u8iB 95.7746478873
1q0yH - 1q0yL 88.7323943662
1i1cA - 1i1cB 46.4285714286
1fe8H - 1fe8L 84.0579710145
1jwsA - 1jwsB 91.4285714286
1oqoA - 1oqoA 85.2459016393
1hzhH - 1hzhK 68.0
1jnhE - 1jnhF 62.5
1hzhH - 1hzhH 92.3076923077
1pg7H - 1pg7L 87.1794871795
1dfbH - 1dfbL 53.4246575342
1d5bA - 1d5bB 89.552238806
1t4kA - 1t4kB 95.0819672131
1t83A - 1t83B 66.6666666667
1s7tD - 1s7tE 93.6170212766
1ffoA - 1ffoB 89.6551724138
1rjzD - 1rjzE 91.4285714286
1emtH - 1emtL 88.1578947368
1b0gA - 1b0gB 90.6666666667
1h3uB - 1h3uB 90.1408450704
1fn4C - 1fn4D 47.8260869565
1fe8J - 1fe8N 79.2682926829
1rjlA - 1rjlB 87.323943662
1rjzA - 1rjzB 96.9696969697
1etzH - 1etzL 43.4782608696
1bfoE - 1bfoF 62.3376623377
1kg0A - 1kg0B 91.3580246914
1ad9H - 1ad9L 89.2307692308
1ieaA - 1ieaB 83.3333333333
1qlfA - 1qlfB 87.1794871795
1r24C - 1r24D 76.5625
1aj7H - 1aj7L 70.0
1pywA - 1pywB 29.7872340426
1agfA - 1agfB 96.9696969697
1bfoB - 1bfoC 36.6666666667
1f90H - 1f90L 85.2941176471
1lp9A - 1lp9B 90.0
1n59C - 1n59D 93.023255814
1igfJ - 1igfM 32.4324324324
1clyH - 1clyL 95.0819672131
1s7uG - 1s7uH 94.2857142857
1jptH - 1jptL 91.935483871
1t1zA - 1t1zB 96.5517241379
1gc1H - 1gc1L 79.2452830189
1q94D - 1q94E 90.9090909091
1kfaH - 1kfaL 91.935483871
1bfoC - 1bfoD 41.3793103448
1h3xB - 1h3xB 84.9315068493
1mcnA - 1mcnB 77.2727272727
1r5vC - 1r5vD 37.3134328358
1seqH - 1seqL 85.7142857143
1r24A - 1r24B 80.8219178082
1mamH - 1mamL 71.6417910448
1tziA - 1tziB 86.8421052632
1n5yH - 1n5yL 96.7741935484
1biiA - 1biiB 77.4647887324
1pg7I - 1pg7M 87.2727272727
1jgeA - 1jgeB 96.5517241379
1mieH - 1mieL 90.3225806452
1t0nA - 1t0nB 96.9696969697
1jguH - 1jguL 88.8888888889
1mchA - 1mchB 83.0769230769
1gigH - 1gigL 86.8852459016
1ngpH - 1ngpL 48.3870967742
1r3hG - 1r3hH 85.1851851852
12e8M - 12e8P 84.9056603774
1r5wC - 1r5wD 75.6756756757
1rz7H - 1rz7L 94.2028985507
1mhpH - 1mhpL 90.6666666667
1rziO - 1rziP 81.1320754717
1tzhA - 1tzhB 90.0
1inqA - 1inqB 69.2307692308
1oqxA - 1oqxB 81.8181818182
1onqC - 1onqD 83.8709677419
1mexH - 1mexL 67.4418604651
1fneA - 1fneB 59.6774193548
1eapA - 1eapB 88.0
1ed3D - 1ed3E 93.9393939394
1d5iH - 1d5iL 85.9375
1i7tA - 1i7tB 96.2962962963
1t5wA - 1t5wE 91.8918918919
1q9lA - 1q9lB 91.0447761194
1fskH - 1fskI 95.2380952381
1aqkH - 1aqkL 97.1428571429
1rumH - 1rumL 90.5405405405
1mi5A - 1mi5B 87.7192982456
1c1eH - 1c1eL 93.1034482759
1ffoD - 1ffoE 86.2068965517
1dqjA - 1dqjB 95.2380952381
1u92A - 1u92B 98.5507246377
1flrH - 1flrL 83.0508474576
1bj1H - 1bj1L 90.9090909091
1n5aJ - 1n5aK 90.9090909091
1eo8H - 1eo8L 92.5373134328
1nfdG - 1nfdH 50.0
1ndmA - 1ndmB 93.8271604938
1frgH - 1frgL 88.1578947368
1hhhA - 1hhhB 96.5517241379
1tjgH - 1tjgL 85.7142857143
1bx2D - 1bx2E 65.3846153846
1t83B - 1t83B 87.0967741935
1q9wC - 1q9wD 81.6666666667
1u6aH - 1u6aL 52.0833333333
1hqrA - 1hqrB 87.6712328767
1op3H - 1op3K 89.6551724138
1op5L - 1op5M 75.0
12e8H - 12e8L 29.7297297297
1e4kA - 1e4kB 80.0
1lo3X - 1lo3Y 86.4197530864
1e4kA - 1e4kA 90.9090909091
1u93A - 1u93B 98.5507246377
1exuA - 1exuB 66.2162162162
1kfaI - 1kfaM 94.1860465116
1lnuD - 1lnuF 83.8709677419
1lo0H - 1lo0L 84.375
1b0gD - 1b0gE 96.9696969697
1ub6A - 1ub6B 78.2608695652
1mwaI - 1mwaM 96.5517241379
1f3dH - 1f3dL 85.9154929577
1hezA - 1hezB 96.2962962963
1fg2D - 1fg2E 82.7586206897
1fc1A - 1fc1B 78.2608695652
1rmfH - 1rmfL 97.7777777778
1fc1A - 1fc1A 68.9655172414
1mciA - 1mciB 65.3846153846
1nakH - 1nakL 87.6923076923
1t22A - 1t22B 96.7741935484
1ibgH - 1ibgL 96.7741935484
1mheA - 1mheB 77.7777777778
1s7xG - 1s7xH 96.5517241379
1qygH - 1qygL 96.2962962963
1mlbA - 1mlbB 89.3333333333
1i9jH - 1i9jL 89.8550724638
1bbjA - 1bbjB 85.8974358974
1uj3A - 1uj3B 92.9824561404
1fccB - 1fccB 80.5970149254
1bfoG - 1bfoH 44.4444444444
1op3L - 1op3M 90.4761904762
1n3nG - 1n3nH 90.3225806452
1i8mH - 1i8mL 92.5
1d9kG - 1d9kH 85.7142857143
1r3lA - 1r3lB 81.9672131148
1mcwM - 1mcwW 85.2459016393
1hhjD - 1hhjE 96.7741935484
1acyH - 1acyL 96.5517241379
1jf1A - 1jf1B 79.0697674419
1d9kC - 1d9kD 88.8888888889
1pskH - 1pskL 55.2631578947
1f58H - 1f58L 63.0769230769
1mjuH - 1mjuL 93.75
1b0rA - 1b0rB 89.6551724138
1dlhD - 1dlhE 70.3703703704
1r3hC - 1r3hD 32.5
1kegH - 1kegL 44.262295082
1c16E - 1c16F 86.2068965517
1ct8A - 1ct8B 81.9444444444
1ngqH - 1ngqL 81.6901408451
1hocA - 1hocB 83.606557377
1f3jB - 1f3jE 36.3636363636
1om3L - 1om3M 92.3076923077
1egjH - 1egjL 86.2068965517
1de4G - 1de4H 63.4615384615
1bbdH - 1bbdL 89.2307692308
1bm3H - 1bm3L 85.9154929577
1ld9A - 1ld9B 91.4285714286
1p4lA - 1p4lB 88.8888888889
1nc2A - 1nc2B 96.2025316456
1rziK - 1rziL 85.2459016393
1fp5A - 1fp5A 89.8550724638
1otsC - 1otsD 93.023255814
1mceA - 1mceB 86.1538461538
1t0mA - 1t0mB 87.0967741935
1ottE - 1ottF 95.3846153846
1fngA - 1fngB 81.0810810811
1nj9A - 1nj9B 84.5070422535
1mlcA - 1mlcB 87.6712328767
1ad9A - 1ad9B 86.1538461538
1e6jH - 1e6jL 93.3333333333
1mreH - 1mreL 74.6666666667
1lekA - 1lekB 97.7777777778
1ffpD - 1ffpE 96.9696969697
1r3iH - 1r3iL 90.3225806452
1hq4A - 1hq4B 93.5483870968
1dn2B - 1dn2B 98.3606557377
1sbsH - 1sbsL 96.7741935484
1duzD - 1duzE 96.9696969697
1mj7H - 1mj7L 85.4838709677
1mfdH - 1mfdL 91.7808219178
1u8nA - 1u8nB 95.7746478873
1r5vA - 1r5vB 97.5609756098
1etzA - 1etzL 61.3333333333
1etzA - 1etzB 91.8918918919
1sebA - 1sebB 83.8709677419
1kcuH - 1kcuL 38.2352941176
1ahwA - 1ahwB 97.1428571429
1n0xH - 1n0xL 96.7741935484
1hhgA - 1hhgB 77.7777777778
1igcH - 1igcL 84.0579710145
1nd0A - 1nd0B 95.7746478873
1mj8H - 1mj8L 86.7469879518
1aqdD - 1aqdE 62.962962963
15c8H - 15c8L 71.6666666667
1agdA - 1agdB 97.1428571429
1fv1D - 1fv1E 91.8918918919
1ngxH - 1ngxL 90.1639344262
1de4A - 1de4B 67.8571428571
1qlrC - 1qlrD 56.4102564103
1mnuH - 1mnuL 77.9411764706
1s9vD - 1s9vE 87.1794871795
1dqqA - 1dqqB 89.3333333333
1mcjA - 1mcjB 86.6666666667
1t21A - 1t21B 88.8888888889
1fskK - 1fskL 75.4385964912
1u8jA - 1u8jB 95.7746478873
1clzH - 1clzL 88.5245901639
1lnuC - 1lnuD 82.7586206897
1py4A - 1py4C 23.5294117647
1mclA - 1mclB 85.2459016393
1py4A - 1py4D 27.027027027
1a9bA - 1a9bB 75.7575757576
1rivH - 1rivL 84.7222222222
1nfdE - 1nfdF 91.4285714286
1sjeA - 1sjeB 88.4615384615
1forH - 1forL 96.2962962963
1cqkA - 1cqkB 59.2592592593
1e27A - 1e27B 96.5517241379
1t04B - 1t04C 32.1428571429
1himH - 1himL 88.8888888889
1lnuG - 1lnuH 82.7586206897
1t04B - 1t04D 31.25
1h3wM - 1h3wM 88.0
1jvkA - 1jvkB 96.7741935484
1hsaD - 1hsaE 40.0
1b2wH - 1b2wL 90.9090909091
1oszA - 1oszB 85.8974358974
1rk0A - 1rk0B 86.4864864865
1hhiD - 1hhiE 97.1428571429
1igyD - 1igyD 63.9344262295
1q9kA - 1q9kB 93.5483870968
1n7mH - 1n7mL 78.2608695652
1rk1A - 1rk1B 97.6744186047
1cg9A - 1cg9B 78.75
1ldpH - 1ldpL 89.6551724138
1hhgD - 1hhgE 96.9696969697
1hh6A - 1hh6B 51.9480519481
1b4jH - 1b4jL 80.5970149254
1e28A - 1e28B 96.9696969697
1jnhC - 1jnhD 62.5
1adqA - 1adqA 90.3225806452
1mh5H - 1mh5L 29.8245614035
1ub5H - 1ub5L 69.3548387097
1g7qA - 1g7qB 97.6744186047
1hdmA - 1hdmB 61.0169491525
1riuH - 1riuL 91.5662650602
1d5bH - 1d5bL 85.9375
1q94A - 1q94B 87.6712328767
1cloH - 1cloL 72.602739726
1sebA - 1sebF 90.9090909091
1oqoB - 1oqoB 86.9565217391
1tjhH - 1tjhL 91.935483871
1s7uJ - 1s7uK 90.3225806452
1beyH - 1beyL 83.8709677419
1jn6A - 1jn6B 87.0967741935
1r5vA - 1r5vC 75.6756756757
1s7vA - 1s7vB 96.7741935484
1indH - 1indL 97.1428571429
1nlbH - 1nlbL 73.3333333333
1iqdA - 1iqdB 89.1891891892
1kenH - 1kenL 86.1538461538
1tqbB - 1tqbC 93.8271604938
1t66C - 1t66D 90.9090909091
1bfoA - 1bfoB 83.0985915493
1hxyA - 1hxyB 96.9696969697
1mf2H - 1mf2N 82.2784810127
1t5wA - 1t5wB 84.6153846154
1qrnA - 1qrnB 96.5517241379
1f4yH - 1f4yL 73.4375
1s7qA - 1s7qB 81.0344827586
1fdlH - 1fdlL 69.2307692308
1otuC - 1otuD 98.3606557377
1sysA - 1sysB 91.1392405063
1mf2H - 1mf2L 92.5373134328
1nldH - 1nldL 93.0555555556
1s3kH - 1s3kL 90.625
1eezA - 1eezB 96.9696969697
1nc4C - 1nc4D 64.1025641026
1mfcH - 1mfcL 88.8888888889
1fn4B - 1fn4D 62.1212121212
1otuE - 1otuF 95.0819672131
1mcoH - 1mcoL 79.4117647059
1igyB - 1igyB 67.1428571429
1igyB - 1igyD 59.2592592593
1p1zA - 1p1zB 80.0
1s9wA - 1s9wB 87.1794871795
1mrfH - 1mrfL 92.9577464789
1jpsH - 1jpsL 96.9696969697
1aifA - 1aifB 90.7692307692
1s7wJ - 1s7wK 96.7741935484
1iqwH - 1iqwL 91.1764705882
1mheC - 1mheD 88.0
1jnlH - 1jnlL 62.5
1ub6H - 1ub6L 69.5652173913
1i1aA - 1i1aB 76.0
1aifH - 1aifL 68.9655172414
1fvdA - 1fvdB 91.8918918919
1n64H - 1n64L 72.3076923077
1fl3A - 1fl3B 84.7222222222
1of2A - 1of2B 79.746835443
1nc2C - 1nc2D 65.3333333333
1rz8C - 1rz8D 88.7096774194
1ucbH - 1ucbL 77.1428571429
1g9mH - 1g9mL 97.6744186047
1jl4A - 1jl4B 89.4736842105
1igfL - 1igfM 88.2352941176
1lilA - 1lilB 71.25
1m6oA - 1m6oB 96.7741935484
1hinH - 1hinL 82.7160493827
1u8kA - 1u8kB 95.7746478873
1dqqB - 1dqqD 87.8378378378
1d6vH - 1d6vL 79.0697674419
1il1A - 1il1B 87.5
1r3hA - 1r3hB 70.7692307692
1rupH - 1rupL 84.7222222222
1t04A - 1t04B 72.4637681159
1mh5A - 1mh5B 81.0810810811
1p2cA - 1p2cB 87.0967741935
1hhkD - 1hhkE 96.7741935484
1rziC - 1rziO 86.2068965517
1a8jH - 1a8jL 56.862745098
1mckA - 1mckB 81.9672131148
1jglH - 1jglL 96.7741935484
1ad0A - 1ad0B 88.2352941176
1k8dA - 1k8dB 81.4285714286
1n3nE - 1n3nF 89.6551724138
1fbiH - 1fbiL 75.0
1mcbA - 1mcbB 81.1594202899
1t66H - 1t66L 80.8219178082
1ktlC - 1ktlD 89.6551724138
1i1cA - 1i1cA 48.0
1cfqA - 1cfqB 77.5
1mfeH - 1mfeL 82.0512820513
1op5H - 1op5K 90.7692307692
1nj9B - 1nj9H 58.6666666667
1rulH - 1rulL 95.7746478873
1gzpA - 1gzpB 86.4406779661
1orsA - 1orsB 88.7323943662
1d5mA - 1d5mB 90.0
1hhjA - 1hhjB 96.9696969697
1fj1A - 1fj1B 69.2307692308
1i1yD - 1i1yE 96.2962962963
1i3rC - 1i3rD 75.0
1jufA - 1jufB 93.1506849315
1ffpA - 1ffpB 86.2068965517
1d5xA - 1d5xB 86.3636363636
1sebE - 1sebF 63.3333333333
1kbgH - 1kbgL 88.5714285714
1ndgA - 1ndgB 93.8271604938
1cl7I - 1cl7L 87.8378378378
1fg2A - 1fg2B 96.7741935484
1s5iH - 1s5iL 93.1034482759
1klgA - 1klgB 90.9090909091
1t5wB - 1t5wD 88.8888888889
1hq4B - 1hq4C 87.6712328767
1cbvH - 1cbvL 63.2653061224
1l6xA - 1l6xA 89.6551724138
1rziM - 1rziN 79.6610169492
1t89B - 1t89B 85.9375
1hzhH - 1hzhL 85.9154929577
1sjhA - 1sjhB 85.7142857143
1om3H - 1om3M 97.1428571429
1im3E - 1im3F 96.7741935484
1lk2A - 1lk2B 77.027027027
1ogaA - 1ogaB 96.7741935484
1oqoA - 1oqoB 94.1176470588
1t1wA - 1t1wB 96.9696969697
1kc5H - 1kc5L 97.6744186047
1sebB - 1sebE 88.8888888889
1ld9D - 1ld9E 89.6551724138
1ncaH - 1ncaL 69.5652173913
1jk8A - 1jk8B 96.9696969697
1gpoH - 1gpoL 70.6666666667
1mhcD - 1mhcE 77.4193548387
1nanI - 1nanL 90.9090909091
1i9rK - 1i9rM 86.6666666667
1cicC - 1cicD 82.0512820513
1e6oH - 1e6oL 93.1506849315
1rzgC - 1rzgD 45.8333333333
1qfuH - 1qfuL 96.7741935484
1qvoD - 1qvoE 93.5483870968
1ruqH - 1ruqL 95.7746478873
1a1oA - 1a1oB 96.9696969697
1rihH - 1rihL 88.3333333333
1ggcH - 1ggcL 87.6543209877
1s7rA - 1s7rB 97.7777777778
1rzfH - 1rzfL 88.8888888889
1h3yA - 1h3yB 89.4736842105
1ggiJ - 1ggiM 83.75
1mcqA - 1mcqB 84.4444444444
1u91A - 1u91B 95.652173913
1h3tB - 1h3tB 92.9577464789
1rziI - 1rziJ 56.5217391304
1s8dA - 1s8dB 90.3225806452
1fskB - 1fskC 60.8695652174
1n3nA - 1n3nB 96.9696969697
1rziG - 1rziH 54.5454545455
1pkqA - 1pkqB 69.2307692308
1fskF - 1fskI 84.2105263158
1ktdA - 1ktdB 78.9473684211
1m7iA - 1m7iB 74.2857142857
1kcsH - 1kcsL 84.126984127
1bj1J - 1bj1K 84.5070422535
1rziG - 1rziK 74.0740740741
1rz8A - 1rz8B 89.8550724638
1l7tH - 1l7tL 88.8888888889
1ageA - 1ageB 97.2972972973
1igfH - 1igfL 81.5384615385
1kt2C - 1kt2D 75.6756756757
1mcpH - 1mcpL 35.3535353535
1igjC - 1igjD 82.7160493827
1otsE - 1otsF 98.5074626866
1a4jA - 1a4jB 91.7808219178
1kcvH - 1kcvL 88.3333333333
1t1yA - 1t1yB 96.5517241379
1a6tC - 1a6tD 89.8550724638
1a3rH - 1a3rL 93.8461538462
1agbA - 1agbB 85.7142857143
1f11C - 1f11D 85.9154929577
1tvbA - 1tvbB 91.5492957746
1de4D - 1de4E 61.1111111111
1nanH - 1nanP 83.8709677419
1tpxB - 1tpxC 94.5454545455
1dbbH - 1dbbL 82.1917808219
1s5hA - 1s5hB 88.5714285714
1hhkA - 1hhkB 93.5483870968
1knoC - 1knoD 60.0
1a4kH - 1a4kL 81.6666666667
1mjjA - 1mjjB 86.6666666667
1rzgA - 1rzgD 89.2307692308
1ru9H - 1ru9L 88.8888888889
1nc4A - 1nc4B 66.6666666667
1rzjH - 1rzjL 87.2727272727
1igtD - 1igtD 74.3243243243
1tqcB - 1tqcC 91.1392405063
1iaiH - 1iaiL 91.5254237288
1m71A - 1m71B 96.9696969697
1ejoH - 1ejoL 91.3580246914
1u8pA - 1u8pB 95.7746478873
1h3vB - 1h3vB 79.1044776119
1a1mA - 1a1mB 91.9540229885
1a6tA - 1a6tB 80.0
1nj9H - 1nj9L 34.6153846154
1c5dH - 1c5dL 69.0476190476
1fvdC - 1fvdD 91.5254237288
1u8qA - 1u8qB 95.7746478873
1rziE - 1rziF 57.1428571429
1lo4H - 1lo4L 88.6075949367
1q9wA - 1q9wB 95.3846153846
1s7wD - 1s7wE 96.7741935484
1rziE - 1rziI 84.2105263158
1tvhA - 1tvhB 96.5517241379
1pz5A - 1pz5B 85.7142857143
1fg2J - 1fg2K 90.3225806452
1f4xH - 1f4xL 79.6875
1om3K - 1om3L 89.7058823529
1mf2M - 1mf2N 71.4285714286
1a0qH - 1a0qL 84.375
1rzgA - 1rzgB 94.3396226415
1q72H - 1q72L 83.9285714286
1cftA - 1cftB 72.4137931034
1axtH - 1axtL 87.5
1ngxA - 1ngxB 86.8852459016
1u8hA - 1u8hB 85.7142857143
1i4fA - 1i4fB 75.6097560976
1mfbH - 1mfbL 84.3373493976
1fptH - 1fptL 34.375
1c16A - 1c16B 86.1111111111
1knoE - 1knoF 89.1891891892
1o0vB - 1o0vB 29.7619047619
1dlhA - 1dlhB 89.8305084746
1mwaH - 1mwaL 90.9090909091
1dlhA - 1dlhE 91.8918918919
1t4kC - 1t4kD 32.1428571429
1aqdJ - 1aqdK 68.9655172414
1s7sA - 1s7sB 84.4444444444
1c5cH - 1c5cL 93.5483870968
1n0xK - 1n0xM 84.9315068493
1hq4C - 1hq4D 34.7826086957
1rfdH - 1rfdL 75.6756756757
1i3rG - 1i3rH 81.0810810811
1py4B - 1py4D 42.3728813559
1i9rH - 1i9rL 89.8550724638
1tzgH - 1tzgL 96.7741935484
1o0vA - 1o0vB 28.5714285714
1o0vA - 1o0vA 81.9444444444
1fl5A - 1fl5B 73.9130434783
1ogtA - 1ogtB 91.4285714286
1t04A - 1t04D 89.2307692308
1dbkH - 1dbkL 76.3888888889
1i7rD - 1i7rE 88.8888888889
1a4jH - 1a4jL 89.552238806
1iaoA - 1iaoB 87.8787878788
1t83A - 1t83A 85.7142857143
1k2dA - 1k2dB 97.5609756098
